<?xml version="1.0" encoding="UTF-8"?>
<!-- Generated by org.testng.reporters.JUnitReportReporter -->
<testsuite hostname="DESKTOP-SJVCO66" failures="0" tests="1" name="pk_OrangeHRM.ReadDataFromDataBase_OrangeHRM_Login" time="19.750" errors="0" timestamp="2022-06-10T16:03:37 IST" skipped="0">
  <testcase classname="pk_OrangeHRM.ReadDataFromDataBase_OrangeHRM_Login" name="ConnectSQLDB_With_LoginApp" time="19.750"/>
  <system-out/>
</testsuite> <!-- pk_OrangeHRM.ReadDataFromDataBase_OrangeHRM_Login -->
