<?xml version="1.0" encoding="UTF-8"?>
<!-- Generated by org.testng.reporters.JUnitReportReporter -->
<testsuite hostname="DESKTOP-SJVCO66" failures="0" tests="1" name="pk_OrangeHRM.WebOrder_Login_Logout_TestNG" time="10.262" errors="0" timestamp="2022-06-10T16:55:32 IST" skipped="0">
  <testcase classname="pk_OrangeHRM.WebOrder_Login_Logout_TestNG" name="Login_Test" time="10.262"/>
  <system-out/>
</testsuite> <!-- pk_OrangeHRM.WebOrder_Login_Logout_TestNG -->
