<?xml version="1.0" encoding="UTF-8"?>
<!-- Generated by org.testng.reporters.JUnitReportReporter -->
<testsuite hostname="DESKTOP-SJVCO66" failures="0" tests="1" name="pk_OrangeHRM.WebOrder_Login_Logout_Assignment_TestNG" time="9.690" errors="0" timestamp="2022-06-05T09:56:22 IST" skipped="0">
  <testcase classname="pk_OrangeHRM.WebOrder_Login_Logout_Assignment_TestNG" name="Login_Test" time="9.690"/>
  <system-out/>
</testsuite> <!-- pk_OrangeHRM.WebOrder_Login_Logout_Assignment_TestNG -->
