<?xml version="1.0" encoding="UTF-8"?>
<!-- Generated by org.testng.reporters.JUnitReportReporter -->
<testsuite hostname="DESKTOP-SJVCO66" failures="0" tests="1" name="pk_OrangeHRM.SSL_Certificate_Example_All_Browser" time="1.100" errors="0" timestamp="2022-06-13T17:52:00 IST" skipped="0">
  <testcase classname="pk_OrangeHRM.SSL_Certificate_Example_All_Browser" name="openApplication" time="1.100"/>
  <system-out/>
</testsuite> <!-- pk_OrangeHRM.SSL_Certificate_Example_All_Browser -->
