<?xml version="1.0" encoding="UTF-8"?>
<!-- Generated by org.testng.reporters.JUnitReportReporter -->
<testsuite hostname="DESKTOP-SJVCO66" failures="0" tests="1" name="pk_OrangeHRM.OrangeHRM_Login_TestNG" time="26.900" errors="0" timestamp="2022-06-15T17:39:29 IST" skipped="0">
  <testcase classname="pk_OrangeHRM.OrangeHRM_Login_TestNG" name="Login_Test" time="26.900"/>
  <system-out/>
</testsuite> <!-- pk_OrangeHRM.OrangeHRM_Login_TestNG -->
