<?xml version="1.0" encoding="UTF-8"?>
<!-- Generated by org.testng.reporters.JUnitReportReporter -->
<testsuite hostname="DESKTOP-SJVCO66" failures="0" tests="1" name="pk_OrangeHRM.Browser_Navigation_Commands_TestNG" time="1.891" errors="0" timestamp="2022-06-07T15:49:05 IST" skipped="0">
  <testcase classname="pk_OrangeHRM.Browser_Navigation_Commands_TestNG" name="ForgetPassword" time="1.891"/>
  <system-out/>
</testsuite> <!-- pk_OrangeHRM.Browser_Navigation_Commands_TestNG -->
