<?xml version="1.0" encoding="UTF-8"?>
<!-- Generated by org.testng.reporters.JUnitReportReporter -->
<testsuite hostname="DESKTOP-SJVCO66" failures="0" tests="1" name="pk_OrangeHRM.Spree_EndToEnd_Scenario_TestNG" time="43.221" errors="0" timestamp="2022-06-09T15:22:55 IST" skipped="0">
  <testcase classname="pk_OrangeHRM.Spree_EndToEnd_Scenario_TestNG" name="Login_ValidCredential" time="43.221"/>
  <system-out/>
</testsuite> <!-- pk_OrangeHRM.Spree_EndToEnd_Scenario_TestNG -->
