<?xml version="1.0" encoding="UTF-8"?>
<!-- Generated by org.testng.reporters.JUnitReportReporter -->
<testsuite hostname="DESKTOP-SJVCO66" failures="0" tests="1" name="pk_OrangeHRM.SmartBear_Add_Order_Verify_Order_TestNG" time="6.005" errors="0" timestamp="2022-06-07T14:29:40 IST" skipped="0">
  <testcase classname="pk_OrangeHRM.SmartBear_Add_Order_Verify_Order_TestNG" name="AddUser_VerifyUser" time="6.005"/>
  <system-out/>
</testsuite> <!-- pk_OrangeHRM.SmartBear_Add_Order_Verify_Order_TestNG -->
