<?xml version="1.0" encoding="UTF-8"?>
<!-- Generated by org.testng.reporters.JUnitReportReporter -->
<testsuite hostname="DESKTOP-SJVCO66" failures="0" tests="1" name="pk_OrangeHRM.Handling_WebTable_Pagination_Example" time="40.788" errors="0" timestamp="2022-06-14T18:04:07 IST" skipped="0">
  <testcase classname="pk_OrangeHRM.Handling_WebTable_Pagination_Example" name="Pagination_Example" time="40.788"/>
  <system-out/>
</testsuite> <!-- pk_OrangeHRM.Handling_WebTable_Pagination_Example -->
