<?xml version="1.0" encoding="UTF-8"?>
<!-- Generated by org.testng.reporters.JUnitReportReporter -->
<testsuite hostname="DESKTOP-SJVCO66" failures="0" tests="2" name="pk_OrangeHRM.OrangeHRM_Title_TestNG" time="9.222" errors="0" timestamp="2022-06-07T15:35:53 IST" skipped="0">
  <testcase classname="pk_OrangeHRM.OrangeHRM_Title_TestNG" name="Login_001" time="4.759"/>
  <system-out/>
  <testcase classname="pk_OrangeHRM.OrangeHRM_Title_TestNG" name="Logout" time="4.463"/>
  <system-out/>
</testsuite> <!-- pk_OrangeHRM.OrangeHRM_Title_TestNG -->
