<?xml version="1.0" encoding="UTF-8"?>
<!-- Generated by org.testng.reporters.JUnitReportReporter -->
<testsuite hostname="DESKTOP-SJVCO66" failures="0" tests="1" name="pk_OrangeHRM.Scroll_ToElement_Example" time="27.061" errors="0" timestamp="2022-06-13T18:12:03 IST" skipped="0">
  <testcase classname="pk_OrangeHRM.Scroll_ToElement_Example" name="ScrollElement" time="27.061"/>
  <system-out/>
</testsuite> <!-- pk_OrangeHRM.Scroll_ToElement_Example -->
