<?xml version="1.0" encoding="UTF-8"?>
<!-- Generated by org.testng.reporters.JUnitReportReporter -->
<testsuite hostname="DESKTOP-SJVCO66" failures="0" tests="1" name="pk_OrangeHRM.Google_Navigate_All_Links_TestNG" time="93.818" errors="0" timestamp="2022-06-07T17:17:43 IST" skipped="0">
  <testcase classname="pk_OrangeHRM.Google_Navigate_All_Links_TestNG" name="NavigateToAllLinks" time="93.818"/>
  <system-out/>
</testsuite> <!-- pk_OrangeHRM.Google_Navigate_All_Links_TestNG -->
