<?xml version="1.0" encoding="UTF-8"?>
<!-- Generated by org.testng.reporters.JUnitReportReporter -->
<testsuite hostname="DESKTOP-SJVCO66" failures="0" tests="1" name="pk_OrangeHRM.Yatra_Mouse_Hover_Example_TestNG" time="23.492" errors="0" timestamp="2022-06-06T17:18:16 IST" skipped="0">
  <testcase classname="pk_OrangeHRM.Yatra_Mouse_Hover_Example_TestNG" name="MouseHoverYatra" time="23.492"/>
  <system-out/>
</testsuite> <!-- pk_OrangeHRM.Yatra_Mouse_Hover_Example_TestNG -->
