<?xml version="1.0" encoding="UTF-8"?>
<!-- Generated by org.testng.reporters.JUnitReportReporter -->
<testsuite hostname="DESKTOP-SJVCO66" failures="0" tests="5" name="pk_OrangeHRM.OrangeHRM_Login_DataProvider_TestNG" time="15.476" errors="0" timestamp="2022-06-08T16:41:46 IST" skipped="0">
  <testcase classname="pk_OrangeHRM.OrangeHRM_Login_DataProvider_TestNG" name="LoginToOrangeHRM" time="0.600"/>
  <system-out/>
  <testcase classname="pk_OrangeHRM.OrangeHRM_Login_DataProvider_TestNG" name="LoginToOrangeHRM" time="2.029"/>
  <system-out/>
  <testcase classname="pk_OrangeHRM.OrangeHRM_Login_DataProvider_TestNG" name="LoginToOrangeHRM" time="10.898"/>
  <system-out/>
  <testcase classname="pk_OrangeHRM.OrangeHRM_Login_DataProvider_TestNG" name="LoginToOrangeHRM" time="0.334"/>
  <system-out/>
  <testcase classname="pk_OrangeHRM.OrangeHRM_Login_DataProvider_TestNG" name="LoginToOrangeHRM" time="1.615"/>
  <system-out/>
</testsuite> <!-- pk_OrangeHRM.OrangeHRM_Login_DataProvider_TestNG -->
