<?xml version="1.0" encoding="UTF-8"?>
<!-- Generated by org.testng.reporters.JUnitReportReporter -->
<testsuite hostname="DESKTOP-SJVCO66" failures="0" tests="1" name="pk_OrangeHRM.SmartBear_Delete_Order_TestNG$AddOrders_VerifyOrders_Weborders" time="19.754" errors="0" timestamp="2022-06-07T14:21:59 IST" skipped="0">
  <testcase classname="pk_OrangeHRM.SmartBear_Delete_Order_TestNG$AddOrders_VerifyOrders_Weborders" name="AddUser_VerifyUser" time="19.754"/>
  <system-out/>
</testsuite> <!-- pk_OrangeHRM.SmartBear_Delete_Order_TestNG$AddOrders_VerifyOrders_Weborders -->
