<?xml version="1.0" encoding="UTF-8"?>
<!-- Generated by org.testng.reporters.JUnitReportReporter -->
<testsuite hostname="DESKTOP-SJVCO66" failures="0" tests="2" name="pk_OrangeHRM.SauceLab_Integration_Example" time="32.130" errors="0" timestamp="2022-06-14T15:45:56 IST" skipped="0">
  <testcase classname="pk_OrangeHRM.SauceLab_Integration_Example" name="SauceLab_Example" time="25.874"/>
  <system-out/>
  <testcase classname="pk_OrangeHRM.SauceLab_Integration_Example" name="Logout" time="6.256"/>
  <system-out/>
</testsuite> <!-- pk_OrangeHRM.SauceLab_Integration_Example -->
