<?xml version="1.0" encoding="UTF-8"?>
<!-- Generated by org.testng.reporters.JUnitReportReporter -->
<testsuite hostname="DESKTOP-SJVCO66" failures="0" tests="1" name="pk_OrangeHRM.HDFC_Netbanking_Login_TestNG" time="10.946" errors="0" timestamp="2022-06-07T18:11:26 IST" skipped="0">
  <testcase classname="pk_OrangeHRM.HDFC_Netbanking_Login_TestNG" name="HDFCBrowserLaunch" time="10.946"/>
  <system-out/>
</testsuite> <!-- pk_OrangeHRM.HDFC_Netbanking_Login_TestNG -->
