<?xml version="1.0" encoding="UTF-8"?>
<!-- Generated by org.testng.reporters.JUnitReportReporter -->
<testsuite hostname="DESKTOP-SJVCO66" failures="0" tests="1" name="pk_OrangeHRM.Date_Select_Example" time="10.453" errors="0" timestamp="2022-06-14T15:08:42 IST" skipped="0">
  <testcase classname="pk_OrangeHRM.Date_Select_Example" name="Date_Select" time="10.453"/>
  <system-out/>
</testsuite> <!-- pk_OrangeHRM.Date_Select_Example -->
