<?xml version="1.0" encoding="UTF-8"?>
<!-- Generated by org.testng.reporters.JUnitReportReporter -->
<testsuite hostname="DESKTOP-SJVCO66" failures="0" tests="1" name="pk_OrangeHRM.Execute_JavaScript_CaptureScrapeData" time="8.786" errors="0" timestamp="2022-06-13T18:19:24 IST" skipped="0">
  <testcase classname="pk_OrangeHRM.Execute_JavaScript_CaptureScrapeData" name="GetURL_Domain_Title" time="8.786"/>
  <system-out/>
</testsuite> <!-- pk_OrangeHRM.Execute_JavaScript_CaptureScrapeData -->
