<?xml version="1.0" encoding="UTF-8"?>
<!-- Generated by org.testng.reporters.JUnitReportReporter -->
<testsuite hostname="DESKTOP-SJVCO66" failures="0" tests="1" name="pk_OrangeHRM.Drag_Drop_TestNG" time="19.076" errors="0" timestamp="2022-06-06T17:22:56 IST" skipped="0">
  <testcase classname="pk_OrangeHRM.Drag_Drop_TestNG" name="DragDrop" time="19.076"/>
  <system-out/>
</testsuite> <!-- pk_OrangeHRM.Drag_Drop_TestNG -->
