<?xml version="1.0" encoding="UTF-8"?>
<!-- Generated by org.testng.reporters.JUnitReportReporter -->
<testsuite hostname="DESKTOP-SJVCO66" failures="0" tests="1" name="pk_OrangeHRM.HTTP_Authentication_Example_TestNG" time="5.988" errors="0" timestamp="2022-06-07T15:09:48 IST" skipped="0">
  <testcase classname="pk_OrangeHRM.HTTP_Authentication_Example_TestNG" name="HTTPAuth" time="5.988"/>
  <system-out/>
</testsuite> <!-- pk_OrangeHRM.HTTP_Authentication_Example_TestNG -->
