<?xml version="1.0" encoding="UTF-8"?>
<!-- Generated by org.testng.reporters.JUnitReportReporter -->
<testsuite hostname="DESKTOP-SJVCO66" failures="0" tests="1" name="pk_OrangeHRM.Mobile_Browser_View_TestNG" time="9.135" errors="0" timestamp="2022-06-06T17:48:09 IST" skipped="0">
  <testcase classname="pk_OrangeHRM.Mobile_Browser_View_TestNG" name="SignOn" time="9.135"/>
  <system-out/>
</testsuite> <!-- pk_OrangeHRM.Mobile_Browser_View_TestNG -->
