<?xml version="1.0" encoding="UTF-8"?>
<!-- Generated by org.testng.reporters.JUnitReportReporter -->
<testsuite hostname="DESKTOP-SJVCO66" failures="0" tests="1" name="pk_OrangeHRM.OrangeHRM_Add_User_Verify_Added_User_TestNG" time="18.612" errors="0" timestamp="2022-06-06T15:57:07 IST" skipped="0">
  <testcase classname="pk_OrangeHRM.OrangeHRM_Add_User_Verify_Added_User_TestNG" name="AddUser_VerifyUser" time="18.612"/>
  <system-out/>
</testsuite> <!-- pk_OrangeHRM.OrangeHRM_Add_User_Verify_Added_User_TestNG -->
