<?xml version="1.0" encoding="UTF-8"?>
<!-- Generated by org.testng.reporters.JUnitReportReporter -->
<testsuite hostname="DESKTOP-SJVCO66" failures="0" tests="1" name="pk_OrangeHRM.SmartBear_Update_Order_TestNG$AddOrders_VerifyOrders" time="16.899" errors="0" timestamp="2022-06-07T14:23:31 IST" skipped="0">
  <testcase classname="pk_OrangeHRM.SmartBear_Update_Order_TestNG$AddOrders_VerifyOrders" name="AddUser_VerifyUser" time="16.899"/>
  <system-out/>
</testsuite> <!-- pk_OrangeHRM.SmartBear_Update_Order_TestNG$AddOrders_VerifyOrders -->
