<?xml version="1.0" encoding="UTF-8"?>
<!-- Generated by org.testng.reporters.JUnitReportReporter -->
<testsuite hostname="DESKTOP-SJVCO66" failures="0" tests="1" name="pk_OrangeHRM.Headless_Browser_Chrome_TestNG" time="13.667" errors="0" timestamp="2022-06-07T17:35:44 IST" skipped="0">
  <testcase classname="pk_OrangeHRM.Headless_Browser_Chrome_TestNG" name="Firefox_Headless" time="13.667"/>
  <system-out/>
</testsuite> <!-- pk_OrangeHRM.Headless_Browser_Chrome_TestNG -->
