<?xml version="1.0" encoding="UTF-8"?>
<!-- Generated by org.testng.reporters.JUnitReportReporter -->
<testsuite hostname="DESKTOP-SJVCO66" failures="0" tests="3" name="pk_OrangeHRM.TestMethod_Dependent_On_AnotherMethod" time="20.391" errors="0" timestamp="2022-06-14T17:15:19 IST" skipped="0">
  <testcase classname="pk_OrangeHRM.TestMethod_Dependent_On_AnotherMethod" name="AddUsers_Page" time="3.391"/>
  <system-out/>
  <testcase classname="pk_OrangeHRM.TestMethod_Dependent_On_AnotherMethod" name="VerifyAddedUser" time="12.267"/>
  <system-out/>
  <testcase classname="pk_OrangeHRM.TestMethod_Dependent_On_AnotherMethod" name="Sign_On" time="4.733"/>
  <system-out/>
</testsuite> <!-- pk_OrangeHRM.TestMethod_Dependent_On_AnotherMethod -->
