<?xml version="1.0" encoding="UTF-8"?>
<!-- Generated by org.testng.reporters.JUnitReportReporter -->
<testsuite hostname="DESKTOP-SJVCO66" failures="0" tests="3" name="pk_OrangeHRM.Delete_AllUsers_With_Same_Name_TestNG" time="25.491" errors="0" timestamp="2022-06-08T15:10:26 IST" skipped="0">
  <testcase classname="pk_OrangeHRM.Delete_AllUsers_With_Same_Name_TestNG" name="Employeelist" time="2.029"/>
  <system-out/>
  <testcase classname="pk_OrangeHRM.Delete_AllUsers_With_Same_Name_TestNG" name="Add_Employee" time="13.282"/>
  <system-out/>
  <testcase classname="pk_OrangeHRM.Delete_AllUsers_With_Same_Name_TestNG" name="Delete_Employees_withSameName" time="10.180"/>
  <system-out/>
</testsuite> <!-- pk_OrangeHRM.Delete_AllUsers_With_Same_Name_TestNG -->
