<?xml version="1.0" encoding="UTF-8"?>
<!-- Generated by org.testng.reporters.JUnitReportReporter -->
<testsuite hostname="DESKTOP-SJVCO66" failures="0" tests="3" name="pk_OrangeHRM.Disable_TestMethod_From_Execution" time="8.614" errors="0" timestamp="2022-06-14T17:43:18 IST" skipped="1">
  <testcase classname="pk_OrangeHRM.Disable_TestMethod_From_Execution" name="Sign_On" time="5.171"/>
  <system-out/>
  <testcase classname="pk_OrangeHRM.Disable_TestMethod_From_Execution" name="AddUsers_Page" time="3.443"/>
  <system-out/>
  <testcase classname="pk_OrangeHRM.Disable_TestMethod_From_Execution" name="VerifyAddedUser">
    <skipped/>
  </testcase> <!-- VerifyAddedUser -->
  <system-out/>
</testsuite> <!-- pk_OrangeHRM.Disable_TestMethod_From_Execution -->
