<?xml version="1.0" encoding="UTF-8"?>
<!-- Generated by org.testng.reporters.JUnitReportReporter -->
<testsuite hostname="DESKTOP-SJVCO66" failures="0" tests="1" name="pk_OrangeHRM.ConnectDB_Direct" time="1.307" errors="0" timestamp="2022-06-10T15:19:57 IST" skipped="0">
  <testcase classname="pk_OrangeHRM.ConnectDB_Direct" name="ConnectSQLDB" time="1.307"/>
  <system-out/>
</testsuite> <!-- pk_OrangeHRM.ConnectDB_Direct -->
