<?xml version="1.0" encoding="UTF-8"?>
<!-- Generated by org.testng.reporters.JUnitReportReporter -->
<testsuite hostname="DESKTOP-SJVCO66" failures="0" tests="1" name="pk_OrangeHRM.Scroll_Down_WebPage_Bottom_Example" time="20.113" errors="0" timestamp="2022-06-13T18:12:50 IST" skipped="0">
  <testcase classname="pk_OrangeHRM.Scroll_Down_WebPage_Bottom_Example" name="ByPage" time="20.113"/>
  <system-out/>
</testsuite> <!-- pk_OrangeHRM.Scroll_Down_WebPage_Bottom_Example -->
