<?xml version="1.0" encoding="UTF-8"?>
<!-- Generated by org.testng.reporters.JUnitReportReporter -->
<testsuite hostname="DESKTOP-SJVCO66" failures="0" tests="1" name="pk_OrangeHRM.OrangeHRM_Login_TestNG" time="16.163" errors="0" timestamp="15 Jun 2022 12:15:50 GMT">
  <testcase classname="pk_OrangeHRM.OrangeHRM_Login_TestNG" name="Login_Test" time="16.163"/>
</testsuite> <!-- pk_OrangeHRM.OrangeHRM_Login_TestNG -->
